Using pre-set license
Built from 'trunk' branch; Version is '2020.2.0b2 (90b2443a8df1) revision 9482820'; Using compiler version '192528614'; Build Type 'Release'
OS: 'Windows 10  (10.0.0) 64bit' Language: 'ko' Physical Memory: 32717 MB
BatchMode: 1, IsHumanControllingUs: 0, StartBugReporterOnCrash: 0, Is64bit: 1, IsPro: 0

 COMMAND LINE ARGUMENTS:
C:\Program Files\Unity\Hub\Editor\2020.2.0b2\Editor\Unity.exe
-adb2
-batchMode
-noUpm
-name
AssetImportWorker0
-projectPath
C:/Users/akdlw/OneDrive/Desktop/1204
-logFile
Logs/AssetImportWorker0.log
-srvPort
59886
Successfully changed project path to: C:/Users/akdlw/OneDrive/Desktop/1204
C:/Users/akdlw/OneDrive/Desktop/1204
Using Asset Import Pipeline V2.
Refreshing native plugins compatible for Editor in 46.28 ms, found 0 plugins.
Preloading 0 native plugins for Editor in 0.00 ms.
Initialize engine version: 2020.2.0b2 (90b2443a8df1)
[Subsystems] Discovering subsystems at path C:/Program Files/Unity/Hub/Editor/2020.2.0b2/Editor/Data/Resources/UnitySubsystems
[Subsystems] Discovering subsystems at path C:/Users/akdlw/OneDrive/Desktop/1204/Assets
GfxDevice: creating device client; threaded=0
Direct3D:
    Version:  Direct3D 11.0 [level 11.1]
    Renderer: NVIDIA GeForce RTX 2070 SUPER (ID=0x1e84)
    Vendor:   
    VRAM:     8011 MB
    Driver:   26.21.14.4187
Initialize mono
Mono path[0] = 'C:/Program Files/Unity/Hub/Editor/2020.2.0b2/Editor/Data/Managed'
Mono path[1] = 'C:/Program Files/Unity/Hub/Editor/2020.2.0b2/Editor/Data/MonoBleedingEdge/lib/mono/unityjit'
Mono config path = 'C:/Program Files/Unity/Hub/Editor/2020.2.0b2/Editor/Data/MonoBleedingEdge/etc'
Using monoOptions --debugger-agent=transport=dt_socket,embedding=1,server=y,suspend=n,address=127.0.0.1:56376
Begin MonoManager ReloadAssembly
Registering precompiled unity dll's ...
Register platform support module: C:/Program Files/Unity/Hub/Editor/2020.2.0b2/Editor/Data/PlaybackEngines/WindowsStandaloneSupport/UnityEditor.WindowsStandalone.Extensions.dll
Registered in 0.002471 seconds.
Native extension for WindowsStandalone target not found
Refreshing native plugins compatible for Editor in 36.10 ms, found 0 plugins.
Preloading 0 native plugins for Editor in 0.00 ms.
Invoked RoslynAnalysisRunner static constructor.
RoslynAnalysisRunner will not be running.
RoslynAnalysisRunner has terminated.
Mono: successfully reloaded assembly
- Completed reload, in  2.218 seconds
Registering precompiled user dll's ...
Registered in 0.099073 seconds.
Platform modules already initialized, skipping
Begin MonoManager ReloadAssembly
Symbol file LoadedFromMemory doesn't match image C:\Users\akdlw\OneDrive\Desktop\1204\Library\PackageCache\com.unity.ext.nunit@1.0.0\net35\unity-custom\nunit.framework.dll
Native extension for WindowsStandalone target not found
Refreshing native plugins compatible for Editor in 0.42 ms, found 0 plugins.
Preloading 0 native plugins for Editor in 0.00 ms.
Invoked RoslynAnalysisRunner static constructor.
RoslynAnalysisRunner will not be running.
RoslynAnalysisRunner has terminated.
Mono: successfully reloaded assembly
- Completed reload, in  0.806 seconds
Platform modules already initialized, skipping
========================================================================
Worker process is ready to serve import requests
Launched and connected shader compiler UnityShaderCompiler.exe after 0.07 seconds
Refreshing native plugins compatible for Editor in 0.42 ms, found 0 plugins.
Preloading 0 native plugins for Editor in 0.00 ms.
Unloading 1220 Unused Serialized files (Serialized files now loaded: 0)
System memory in use before: 72.9 MB.
System memory in use after: 72.6 MB.

Unloading 7 unused Assets to reduce memory usage. Loaded Objects now: 1665.
Total: 3.304800 ms (FindLiveObjects: 0.869700 ms CreateObjectMapping: 0.040300 ms MarkObjects: 2.016100 ms  DeleteObjects: 0.376900 ms)

========================================================================
Received Import Request.
  path: Assets/Enemy/Human.prefab
  artifactKey: Guid(8fb28d2585bd1de439cfa5969edd5850) Importer(815301076,1909f56bfc062723c751e8b465ee728b)
Start importing Assets/Enemy/Human.prefab using Guid(8fb28d2585bd1de439cfa5969edd5850) Importer(815301076,1909f56bfc062723c751e8b465ee728b)  -> (artifact id: '0d4869ab2df2fd423a0b488bd5565ea9') in 0.114472 seconds
  Import took 0.117968 seconds .

========================================================================
Received Import Request.
  Time since last request: 0.000317 seconds.
  path: Assets/Enemy/HumanMove.cs
  artifactKey: Guid(ce81ca383245b0b429c8194da53e7ef6) Importer(815301076,1909f56bfc062723c751e8b465ee728b)
Start importing Assets/Enemy/HumanMove.cs using Guid(ce81ca383245b0b429c8194da53e7ef6) Importer(815301076,1909f56bfc062723c751e8b465ee728b)  -> (artifact id: 'a71806e60be99e94b07eb98f3eead038') in 0.015122 seconds
  Import took 0.017889 seconds .

========================================================================
Received Prepare
Reloading mono domain
Begin MonoManager ReloadAssembly
Registering precompiled unity dll's ...
Register platform support module: C:/Program Files/Unity/Hub/Editor/2020.2.0b2/Editor/Data/PlaybackEngines/WindowsStandaloneSupport/UnityEditor.WindowsStandalone.Extensions.dll
Registered in 0.002340 seconds.
Symbol file LoadedFromMemory doesn't match image C:\Users\akdlw\OneDrive\Desktop\1204\Library\PackageCache\com.unity.ext.nunit@1.0.0\net35\unity-custom\nunit.framework.dll
Native extension for WindowsStandalone target not found
Refreshing native plugins compatible for Editor in 38.88 ms, found 0 plugins.
Preloading 0 native plugins for Editor in 0.00 ms.
Invoked RoslynAnalysisRunner static constructor.
RoslynAnalysisRunner will not be running.
RoslynAnalysisRunner has terminated.
Mono: successfully reloaded assembly
- Completed reload, in  0.857 seconds
Registering precompiled user dll's ...
Registered in 0.095091 seconds.
Platform modules already initialized, skipping
Begin MonoManager ReloadAssembly
Symbol file LoadedFromMemory doesn't match image C:\Users\akdlw\OneDrive\Desktop\1204\Library\PackageCache\com.unity.ext.nunit@1.0.0\net35\unity-custom\nunit.framework.dll
Native extension for WindowsStandalone target not found
Refreshing native plugins compatible for Editor in 0.58 ms, found 0 plugins.
Preloading 0 native plugins for Editor in 0.00 ms.
Invoked RoslynAnalysisRunner static constructor.
RoslynAnalysisRunner will not be running.
RoslynAnalysisRunner has terminated.
Mono: successfully reloaded assembly
- Completed reload, in  0.815 seconds
Platform modules already initialized, skipping
Refreshing native plugins compatible for Editor in 0.75 ms, found 0 plugins.
Preloading 0 native plugins for Editor in 0.00 ms.
Unloading 8 Unused Serialized files (Serialized files now loaded: 0)
System memory in use before: 51.4 MB.
System memory in use after: 51.1 MB.

Unloading 7 unused Assets to reduce memory usage. Loaded Objects now: 1678.
Total: 2.072000 ms (FindLiveObjects: 0.348900 ms CreateObjectMapping: 0.028300 ms MarkObjects: 1.348000 ms  DeleteObjects: 0.345600 ms)

========================================================================
Received Import Request.
  Time since last request: 3635.049058 seconds.
  path: Assets/Enemy/HumanMove.cs
  artifactKey: Guid(ce81ca383245b0b429c8194da53e7ef6) Importer(815301076,1909f56bfc062723c751e8b465ee728b)
Start importing Assets/Enemy/HumanMove.cs using Guid(ce81ca383245b0b429c8194da53e7ef6) Importer(815301076,1909f56bfc062723c751e8b465ee728b)  -> (artifact id: 'a73d35ad62bd11c908d2f13d11501f8b') in 0.006691 seconds
  Import took 0.010293 seconds .

AssetImportWorkerClient::OnTransportError - code=2 error=End of file
